# JRE version: Java(TM) SE Runtime Environment (8.0_181-b13) (build 1.8.0_181-b13)
# Java VM: Java HotSpot(TM) 64-Bit Server VM (25.181-b13 mixed mode bsd-amd64 compressed oops)
Heap:
 PSYoungGen      total 804864K, used 196903K [0x000000076ab00000, 0x000000079f080000, 0x00000007c0000000)
  eden space 772608K, 21% used [0x000000076ab00000,0x0000000774ee05e8,0x0000000799d80000)
  from space 32256K, 90% used [0x000000079d100000,0x000000079ed697f8,0x000000079f080000)
  to   space 42496K, 0% used [0x0000000799d80000,0x0000000799d80000,0x000000079c700000)
 ParOldGen       total 239104K, used 60870K [0x00000006c0000000, 0x00000006ce980000, 0x000000076ab00000)
  object space 239104K, 25% used [0x00000006c0000000,0x00000006c3b71820,0x00000006ce980000)
 Metaspace       used 77988K, capacity 78908K, committed 79272K, reserved 1118208K
  class space    used 9569K, capacity 9782K, committed 9896K, reserved 1048576K
GC Heap History (10 events):
Event: 18.676 GC heap before
{Heap before GC invocations=23 (full 2):
 PSYoungGen      total 575488K, used 565808K [0x000000076ab00000, 0x0000000790000000, 0x00000007c0000000)
  eden space 547328K, 100% used [0x000000076ab00000,0x000000078c180000,0x000000078c180000)
  from space 28160K, 65% used [0x000000078dd80000,0x000000078ef8c210,0x000000078f900000)
  to   space 28672K, 0% used [0x000000078c180000,0x000000078c180000,0x000000078dd80000)
 ParOldGen       total 162816K, used 51728K [0x00000006c0000000, 0x00000006c9f00000, 0x000000076ab00000)
  object space 162816K, 31% used [0x00000006c0000000,0x00000006c3284300,0x00000006c9f00000)
 Metaspace       used 57214K, capacity 58064K, committed 58152K, reserved 1099776K
  class space    used 6964K, capacity 7174K, committed 7208K, reserved 1048576K
Event: 18.701 GC heap after
Heap after GC invocations=23 (full 2):
 PSYoungGen      total 576000K, used 17635K [0x000000076ab00000, 0x0000000795a00000, 0x00000007c0000000)
  eden space 547328K, 0% used [0x000000076ab00000,0x000000076ab00000,0x000000078c180000)
  from space 28672K, 61% used [0x000000078c180000,0x000000078d2b8e30,0x000000078dd80000)
  to   space 29184K, 0% used [0x0000000793d80000,0x0000000793d80000,0x0000000795a00000)
 ParOldGen       total 162816K, used 51736K [0x00000006c0000000, 0x00000006c9f00000, 0x000000076ab00000)
  object space 162816K, 31% used [0x00000006c0000000,0x00000006c3286300,0x00000006c9f00000)
 Metaspace       used 57214K, capacity 58064K, committed 58152K, reserved 1099776K
  class space    used 6964K, capacity 7174K, committed 7208K, reserved 1048576K
}
Event: 19.241 GC heap before
{Heap before GC invocations=24 (full 2):
 PSYoungGen      total 576000K, used 214004K [0x000000076ab00000, 0x0000000795a00000, 0x00000007c0000000)
  eden space 547328K, 35% used [0x000000076ab00000,0x0000000776ac4408,0x000000078c180000)
  from space 28672K, 61% used [0x000000078c180000,0x000000078d2b8e30,0x000000078dd80000)
  to   space 29184K, 0% used [0x0000000793d80000,0x0000000793d80000,0x0000000795a00000)
 ParOldGen       total 162816K, used 51736K [0x00000006c0000000, 0x00000006c9f00000, 0x000000076ab00000)
  object space 162816K, 31% used [0x00000006c0000000,0x00000006c3286300,0x00000006c9f00000)
 Metaspace       used 58219K, capacity 59056K, committed 59160K, reserved 1101824K
  class space    used 7111K, capacity 7334K, committed 7336K, reserved 1048576K
Event: 19.266 GC heap after
Heap after GC invocations=24 (full 2):
 PSYoungGen      total 672768K, used 21934K [0x000000076ab00000, 0x0000000796c80000, 0x00000007c0000000)
  eden space 643584K, 0% used [0x000000076ab00000,0x000000076ab00000,0x0000000791f80000)
  from space 29184K, 75% used [0x0000000793d80000,0x00000007952eb888,0x0000000795a00000)
  to   space 30720K, 0% used [0x0000000791f80000,0x0000000791f80000,0x0000000793d80000)
 ParOldGen       total 162816K, used 51744K [0x00000006c0000000, 0x00000006c9f00000, 0x000000076ab00000)
  object space 162816K, 31% used [0x00000006c0000000,0x00000006c3288300,0x00000006c9f00000)
 Metaspace       used 58219K, capacity 59056K, committed 59160K, reserved 1101824K
  class space    used 7111K, capacity 7334K, committed 7336K, reserved 1048576K
}
Event: 19.266 GC heap before
{Heap before GC invocations=25 (full 3):
 PSYoungGen      total 672768K, used 21934K [0x000000076ab00000, 0x0000000796c80000, 0x00000007c0000000)
  eden space 643584K, 0% used [0x000000076ab00000,0x000000076ab00000,0x0000000791f80000)
  from space 29184K, 75% used [0x0000000793d80000,0x00000007952eb888,0x0000000795a00000)
  to   space 30720K, 0% used [0x0000000791f80000,0x0000000791f80000,0x0000000793d80000)
 ParOldGen       total 162816K, used 51744K [0x00000006c0000000, 0x00000006c9f00000, 0x000000076ab00000)
  object space 162816K, 31% used [0x00000006c0000000,0x00000006c3288300,0x00000006c9f00000)
 Metaspace       used 58219K, capacity 59056K, committed 59160K, reserved 1101824K
  class space    used 7111K, capacity 7334K, committed 7336K, reserved 1048576K
Event: 19.461 GC heap after
Heap after GC invocations=25 (full 3):
 PSYoungGen      total 672768K, used 0K [0x000000076ab00000, 0x0000000796c80000, 0x00000007c0000000)
  eden space 643584K, 0% used [0x000000076ab00000,0x000000076ab00000,0x0000000791f80000)
  from space 29184K, 0% used [0x0000000793d80000,0x0000000793d80000,0x0000000795a00000)
  to   space 30720K, 0% used [0x0000000791f80000,0x0000000791f80000,0x0000000793d80000)
 ParOldGen       total 239104K, used 46913K [0x00000006c0000000, 0x00000006ce980000, 0x000000076ab00000)
  object space 239104K, 19% used [0x00000006c0000000,0x00000006c2dd05e0,0x00000006ce980000)
 Metaspace       used 58219K, capacity 59056K, committed 59160K, reserved 1101824K
  class space    used 7111K, capacity 7334K, committed 7336K, reserved 1048576K
}
Event: 20.948 GC heap before
{Heap before GC invocations=26 (full 3):
 PSYoungGen      total 672768K, used 643584K [0x000000076ab00000, 0x0000000796c80000, 0x00000007c0000000)
  eden space 643584K, 100% used [0x000000076ab00000,0x0000000791f80000,0x0000000791f80000)
  from space 29184K, 0% used [0x0000000793d80000,0x0000000793d80000,0x0000000795a00000)
  to   space 30720K, 0% used [0x0000000791f80000,0x0000000791f80000,0x0000000793d80000)
 ParOldGen       total 239104K, used 46913K [0x00000006c0000000, 0x00000006ce980000, 0x000000076ab00000)
  object space 239104K, 19% used [0x00000006c0000000,0x00000006c2dd05e0,0x00000006ce980000)
 Metaspace       used 59660K, capacity 60572K, committed 60840K, reserved 1101824K
  class space    used 7285K, capacity 7478K, committed 7592K, reserved 1048576K
Event: 20.987 GC heap after
Heap after GC invocations=26 (full 3):
 PSYoungGen      total 674304K, used 30704K [0x000000076ab00000, 0x000000079f880000, 0x00000007c0000000)
  eden space 643584K, 0% used [0x000000076ab00000,0x000000076ab00000,0x0000000791f80000)
  from space 30720K, 99% used [0x0000000791f80000,0x0000000793d7c3b0,0x0000000793d80000)
  to   space 40448K, 0% used [0x000000079d100000,0x000000079d100000,0x000000079f880000)
 ParOldGen       total 239104K, used 60862K [0x00000006c0000000, 0x00000006ce980000, 0x000000076ab00000)
  object space 239104K, 25% used [0x00000006c0000000,0x00000006c3b6f820,0x00000006ce980000)
 Metaspace       used 59660K, capacity 60572K, committed 60840K, reserved 1101824K
  class space    used 7285K, capacity 7478K, committed 7592K, reserved 1048576K
}
Event: 24.266 GC heap before
{Heap before GC invocations=27 (full 3):
 PSYoungGen      total 674304K, used 674288K [0x000000076ab00000, 0x000000079f880000, 0x00000007c0000000)
  eden space 643584K, 100% used [0x000000076ab00000,0x0000000791f80000,0x0000000791f80000)
  from space 30720K, 99% used [0x0000000791f80000,0x0000000793d7c3b0,0x0000000793d80000)
  to   space 40448K, 0% used [0x000000079d100000,0x000000079d100000,0x000000079f880000)
 ParOldGen       total 239104K, used 60862K [0x00000006c0000000, 0x00000006ce980000, 0x000000076ab00000)
  object space 239104K, 25% used [0x00000006c0000000,0x00000006c3b6f820,0x00000006ce980000)
 Metaspace       used 73617K, capacity 74564K, committed 74920K, reserved 1114112K
  class space    used 9146K, capacity 9362K, committed 9384K, reserved 1048576K
Event: 24.292 GC heap after
Heap after GC invocations=27 (full 3):
 PSYoungGen      total 804864K, used 29093K [0x000000076ab00000, 0x000000079f080000, 0x00000007c0000000)
  eden space 772608K, 0% used [0x000000076ab00000,0x000000076ab00000,0x0000000799d80000)
  from space 32256K, 90% used [0x000000079d100000,0x000000079ed697f8,0x000000079f080000)
  to   space 42496K, 0% used [0x0000000799d80000,0x0000000799d80000,0x000000079c700000)
 ParOldGen       total 239104K, used 60870K [0x00000006c0000000, 0x00000006ce980000, 0x000000076ab00000)
  object space 239104K, 25% used [0x00000006c0000000,0x00000006c3b71820,0x00000006ce980000)
 Metaspace       used 73617K, capacity 74564K, committed 74920K, reserved 1114112K
  class space    used 9146K, capacity 9362K, committed 9384K, reserved 1048576K
}

